-------------------------------------------------------------------------------
Test set: com.codewave.demo.LeetCodeTest
-------------------------------------------------------------------------------
Tests run: 3, Failures: 1, Errors: 0, Skipped: 0, Time elapsed: 0.009 s <<< FAILURE! - in com.codewave.demo.LeetCodeTest
com.codewave.demo.LeetCodeTest.testFindCapitalLetter  Time elapsed: 0.002 s  <<< FAILURE!
org.opentest4j.AssertionFailedError: expected: <BD> but was: <D>
	at com.codewave.demo.LeetCodeTest.testFindCapitalLetter(LeetCodeTest.java:39)

